<?xml version="1.0" encoding="UTF-8"?>
<testsuite name="com.webshop.tests.HomePageTests" tests="1" skipped="0" failures="0" errors="0" timestamp="2025-03-05T18:22:04" hostname="DESKTOP-R0FHLJ4" time="0.018">
  <properties/>
  <testcase name="isWelcomeComponentPresentTest" classname="com.webshop.tests.HomePageTests" time="0.018"/>
  <system-out><![CDATA[]]></system-out>
  <system-err><![CDATA[]]></system-err>
</testsuite>
